<?xml version="1.0" encoding="UTF-8"?>
<!-- Generated by org.testng.reporters.JUnitXMLReporter -->
<testsuite hostname="DESKTOP-AVBD3VI" name="Default test" tests="3" failures="0" timestamp="4 Nov 2017 23:16:41 GMT" time="74.307" errors="0">
  <testcase name="loginPageTitleTest" time="0.118" classname="com.crm.qa.testcases.LoginPageTest"/>
  <testcase name="fbLogoTest" time="2.007" classname="com.crm.qa.testcases.LoginPageTest"/>
  <testcase name="loginActivityTest" time="9.389" classname="com.crm.qa.testcases.LoginPageTest"/>
</testsuite> <!-- Default test -->
