<?xml version="1.0" encoding="UTF-8"?>
<testng-results skipped="0" failed="0" total="3" passed="3">
  <reporter-output>
  </reporter-output>
  <suite name="Default suite" duration-ms="74307" started-at="2017-11-04T23:15:26Z" finished-at="2017-11-04T23:16:40Z">
    <groups>
    </groups>
    <test name="Default test" duration-ms="74307" started-at="2017-11-04T23:15:26Z" finished-at="2017-11-04T23:16:40Z">
      <class name="com.crm.qa.testcases.LoginPageTest">
        <test-method status="PASS" signature="setup()[pri:0, instance:com.crm.qa.testcases.LoginPageTest@5abca1e0]" name="setup" is-config="true" duration-ms="21157" started-at="2017-11-04T19:15:26Z" finished-at="2017-11-04T19:15:47Z">
          <reporter-output>
          </reporter-output>
        </test-method> <!-- setup -->
        <test-method status="PASS" signature="loginPageTitleTest()[pri:1, instance:com.crm.qa.testcases.LoginPageTest@5abca1e0]" name="loginPageTitleTest" duration-ms="118" started-at="2017-11-04T19:15:47Z" finished-at="2017-11-04T19:15:47Z">
          <reporter-output>
          </reporter-output>
        </test-method> <!-- loginPageTitleTest -->
        <test-method status="PASS" signature="tearDown()[pri:0, instance:com.crm.qa.testcases.LoginPageTest@5abca1e0]" name="tearDown" is-config="true" duration-ms="7388" started-at="2017-11-04T19:15:47Z" finished-at="2017-11-04T19:15:55Z">
          <reporter-output>
          </reporter-output>
        </test-method> <!-- tearDown -->
        <test-method status="PASS" signature="setup()[pri:0, instance:com.crm.qa.testcases.LoginPageTest@5abca1e0]" name="setup" is-config="true" duration-ms="14213" started-at="2017-11-04T19:15:55Z" finished-at="2017-11-04T19:16:09Z">
          <reporter-output>
          </reporter-output>
        </test-method> <!-- setup -->
        <test-method status="PASS" signature="fbLogoTest()[pri:2, instance:com.crm.qa.testcases.LoginPageTest@5abca1e0]" name="fbLogoTest" duration-ms="2007" started-at="2017-11-04T19:16:09Z" finished-at="2017-11-04T19:16:11Z">
          <reporter-output>
          </reporter-output>
        </test-method> <!-- fbLogoTest -->
        <test-method status="PASS" signature="tearDown()[pri:0, instance:com.crm.qa.testcases.LoginPageTest@5abca1e0]" name="tearDown" is-config="true" duration-ms="1573" started-at="2017-11-04T19:16:11Z" finished-at="2017-11-04T19:16:12Z">
          <reporter-output>
          </reporter-output>
        </test-method> <!-- tearDown -->
        <test-method status="PASS" signature="setup()[pri:0, instance:com.crm.qa.testcases.LoginPageTest@5abca1e0]" name="setup" is-config="true" duration-ms="17476" started-at="2017-11-04T19:16:12Z" finished-at="2017-11-04T19:16:30Z">
          <reporter-output>
          </reporter-output>
        </test-method> <!-- setup -->
        <test-method status="PASS" signature="loginActivityTest()[pri:3, instance:com.crm.qa.testcases.LoginPageTest@5abca1e0]" name="loginActivityTest" duration-ms="9389" started-at="2017-11-04T19:16:30Z" finished-at="2017-11-04T19:16:39Z">
          <reporter-output>
          </reporter-output>
        </test-method> <!-- loginActivityTest -->
        <test-method status="PASS" signature="tearDown()[pri:0, instance:com.crm.qa.testcases.LoginPageTest@5abca1e0]" name="tearDown" is-config="true" duration-ms="863" started-at="2017-11-04T19:16:39Z" finished-at="2017-11-04T19:16:40Z">
          <reporter-output>
          </reporter-output>
        </test-method> <!-- tearDown -->
      </class> <!-- com.crm.qa.testcases.LoginPageTest -->
    </test> <!-- Default test -->
  </suite> <!-- Default suite -->
</testng-results>
